2025-02-07 13:12:19.683 +01:00 [INF] Attempting to migrate database...
2025-02-07 13:12:19.990 +01:00 [DBG] An 'IServiceProvider' was created for internal use by Entity Framework.
2025-02-07 13:12:20.448 +01:00 [DBG] The index {'UserId'} was not created on entity type 'IdentityUserRole<int>' as the properties are already covered by the index {'UserId', 'RoleId'}.
2025-02-07 13:12:20.450 +01:00 [DBG] The index {'UserId'} was not created on entity type 'IdentityUserToken<int>' as the properties are already covered by the index {'UserId', 'LoginProvider', 'Name'}.
2025-02-07 13:12:20.667 +01:00 [INF] Entity Framework Core 6.0.16 initialized 'LocalDbContext' using provider 'Microsoft.EntityFrameworkCore.SqlServer:6.0.16' with options: None
2025-02-07 13:12:20.853 +01:00 [DBG] Migrating using database 'Findexium' on server '.\SQLEXPRESS'.
2025-02-07 13:12:20.860 +01:00 [DBG] Opening connection to database 'Findexium' on server '.\SQLEXPRESS'.
2025-02-07 13:12:21.347 +01:00 [DBG] Opened connection to database 'Findexium' on server '.\SQLEXPRESS'.
2025-02-07 13:12:21.356 +01:00 [DBG] Creating DbCommand for 'ExecuteNonQuery'.
2025-02-07 13:12:21.362 +01:00 [DBG] Created DbCommand for 'ExecuteNonQuery' (6ms).
2025-02-07 13:12:21.373 +01:00 [DBG] Executing DbCommand [Parameters=[], CommandType='"Text"', CommandTimeout='30']
SELECT 1
2025-02-07 13:12:21.398 +01:00 [INF] Executed DbCommand (26ms) [Parameters=[], CommandType='"Text"', CommandTimeout='30']
SELECT 1
2025-02-07 13:12:21.402 +01:00 [DBG] Closing connection to database 'Findexium' on server '.\SQLEXPRESS'.
2025-02-07 13:12:21.409 +01:00 [DBG] Closed connection to database 'Findexium' on server '.\SQLEXPRESS'.
2025-02-07 13:12:21.416 +01:00 [DBG] Creating DbCommand for 'ExecuteScalar'.
2025-02-07 13:12:21.416 +01:00 [DBG] Created DbCommand for 'ExecuteScalar' (0ms).
2025-02-07 13:12:21.417 +01:00 [DBG] Opening connection to database 'Findexium' on server '.\SQLEXPRESS'.
2025-02-07 13:12:21.419 +01:00 [DBG] Opened connection to database 'Findexium' on server '.\SQLEXPRESS'.
2025-02-07 13:12:21.420 +01:00 [DBG] Executing DbCommand [Parameters=[], CommandType='"Text"', CommandTimeout='30']
SELECT OBJECT_ID(N'[__EFMigrationsHistory]');
2025-02-07 13:12:21.437 +01:00 [INF] Executed DbCommand (17ms) [Parameters=[], CommandType='"Text"', CommandTimeout='30']
SELECT OBJECT_ID(N'[__EFMigrationsHistory]');
2025-02-07 13:12:21.438 +01:00 [DBG] Closing connection to database 'Findexium' on server '.\SQLEXPRESS'.
2025-02-07 13:12:21.439 +01:00 [DBG] Closed connection to database 'Findexium' on server '.\SQLEXPRESS'.
2025-02-07 13:12:21.440 +01:00 [DBG] Opening connection to database 'Findexium' on server '.\SQLEXPRESS'.
2025-02-07 13:12:21.441 +01:00 [DBG] Opened connection to database 'Findexium' on server '.\SQLEXPRESS'.
2025-02-07 13:12:21.441 +01:00 [DBG] Creating DbCommand for 'ExecuteNonQuery'.
2025-02-07 13:12:21.442 +01:00 [DBG] Created DbCommand for 'ExecuteNonQuery' (0ms).
2025-02-07 13:12:21.443 +01:00 [DBG] Executing DbCommand [Parameters=[], CommandType='"Text"', CommandTimeout='30']
SELECT 1
2025-02-07 13:12:21.444 +01:00 [INF] Executed DbCommand (2ms) [Parameters=[], CommandType='"Text"', CommandTimeout='30']
SELECT 1
2025-02-07 13:12:21.445 +01:00 [DBG] Closing connection to database 'Findexium' on server '.\SQLEXPRESS'.
2025-02-07 13:12:21.446 +01:00 [DBG] Closed connection to database 'Findexium' on server '.\SQLEXPRESS'.
2025-02-07 13:12:21.446 +01:00 [DBG] Creating DbCommand for 'ExecuteScalar'.
2025-02-07 13:12:21.447 +01:00 [DBG] Created DbCommand for 'ExecuteScalar' (0ms).
2025-02-07 13:12:21.447 +01:00 [DBG] Opening connection to database 'Findexium' on server '.\SQLEXPRESS'.
2025-02-07 13:12:21.448 +01:00 [DBG] Opened connection to database 'Findexium' on server '.\SQLEXPRESS'.
2025-02-07 13:12:21.449 +01:00 [DBG] Executing DbCommand [Parameters=[], CommandType='"Text"', CommandTimeout='30']
SELECT OBJECT_ID(N'[__EFMigrationsHistory]');
2025-02-07 13:12:21.450 +01:00 [INF] Executed DbCommand (1ms) [Parameters=[], CommandType='"Text"', CommandTimeout='30']
SELECT OBJECT_ID(N'[__EFMigrationsHistory]');
2025-02-07 13:12:21.451 +01:00 [DBG] Closing connection to database 'Findexium' on server '.\SQLEXPRESS'.
2025-02-07 13:12:21.452 +01:00 [DBG] Closed connection to database 'Findexium' on server '.\SQLEXPRESS'.
2025-02-07 13:12:21.462 +01:00 [DBG] Creating DbCommand for 'ExecuteReader'.
2025-02-07 13:12:21.463 +01:00 [DBG] Created DbCommand for 'ExecuteReader' (0ms).
2025-02-07 13:12:21.464 +01:00 [DBG] Opening connection to database 'Findexium' on server '.\SQLEXPRESS'.
2025-02-07 13:12:21.464 +01:00 [DBG] Opened connection to database 'Findexium' on server '.\SQLEXPRESS'.
2025-02-07 13:12:21.466 +01:00 [DBG] Executing DbCommand [Parameters=[], CommandType='"Text"', CommandTimeout='30']
SELECT [MigrationId], [ProductVersion]
FROM [__EFMigrationsHistory]
ORDER BY [MigrationId];
2025-02-07 13:12:21.472 +01:00 [INF] Executed DbCommand (7ms) [Parameters=[], CommandType='"Text"', CommandTimeout='30']
SELECT [MigrationId], [ProductVersion]
FROM [__EFMigrationsHistory]
ORDER BY [MigrationId];
2025-02-07 13:12:21.477 +01:00 [DBG] A data reader was disposed.
2025-02-07 13:12:21.477 +01:00 [DBG] Closing connection to database 'Findexium' on server '.\SQLEXPRESS'.
2025-02-07 13:12:21.478 +01:00 [DBG] Closed connection to database 'Findexium' on server '.\SQLEXPRESS'.
2025-02-07 13:12:21.488 +01:00 [INF] No migrations were applied. The database is already up to date.
2025-02-07 13:12:21.488 +01:00 [INF] Database migration completed. Starting database seeding...
2025-02-07 13:12:21.515 +01:00 [INF] User profile is available. Using 'C:\Users\jurad\AppData\Local\ASP.NET\DataProtection-Keys' as key repository and Windows DPAPI to encrypt keys at rest.
2025-02-07 13:12:21.521 +01:00 [INF] Entity Framework Core 6.0.16 initialized 'LocalDbContext' using provider 'Microsoft.EntityFrameworkCore.SqlServer:6.0.16' with options: None
2025-02-07 13:12:21.563 +01:00 [DBG] Compiling query expression: 
'DbSet<User>()
    .Any()'
2025-02-07 13:12:21.738 +01:00 [DBG] Generated query execution expression: 
'queryContext => new SingleQueryingEnumerable<bool>(
    (RelationalQueryContext)queryContext, 
    RelationalCommandCache.SelectExpression(
        Projection Mapping:
            EmptyProjectionMember -> 0
        SELECT EXISTS (
            SELECT 1
            FROM AspNetUsers AS a)), 
    Func<QueryContext, DbDataReader, ResultContext, SingleQueryResultCoordinator, bool>, 
    Dot.Net.WebApi.Data.LocalDbContext, 
    False, 
    False, 
    True
)
    .Single()'
2025-02-07 13:12:21.768 +01:00 [DBG] Creating DbCommand for 'ExecuteReader'.
2025-02-07 13:12:21.768 +01:00 [DBG] Created DbCommand for 'ExecuteReader' (0ms).
2025-02-07 13:12:21.769 +01:00 [DBG] Opening connection to database 'Findexium' on server '.\SQLEXPRESS'.
2025-02-07 13:12:21.770 +01:00 [DBG] Opened connection to database 'Findexium' on server '.\SQLEXPRESS'.
2025-02-07 13:12:21.770 +01:00 [DBG] Executing DbCommand [Parameters=[], CommandType='"Text"', CommandTimeout='30']
SELECT CASE
    WHEN EXISTS (
        SELECT 1
        FROM [AspNetUsers] AS [a]) THEN CAST(1 AS bit)
    ELSE CAST(0 AS bit)
END
2025-02-07 13:12:21.774 +01:00 [INF] Executed DbCommand (4ms) [Parameters=[], CommandType='"Text"', CommandTimeout='30']
SELECT CASE
    WHEN EXISTS (
        SELECT 1
        FROM [AspNetUsers] AS [a]) THEN CAST(1 AS bit)
    ELSE CAST(0 AS bit)
END
2025-02-07 13:12:21.777 +01:00 [DBG] A data reader was disposed.
2025-02-07 13:12:21.777 +01:00 [DBG] Closing connection to database 'Findexium' on server '.\SQLEXPRESS'.
2025-02-07 13:12:21.778 +01:00 [DBG] Closed connection to database 'Findexium' on server '.\SQLEXPRESS'.
2025-02-07 13:12:21.779 +01:00 [DBG] Compiling query expression: 
'DbSet<Trade>()
    .Any()'
2025-02-07 13:12:21.780 +01:00 [DBG] Generated query execution expression: 
'queryContext => new SingleQueryingEnumerable<bool>(
    (RelationalQueryContext)queryContext, 
    RelationalCommandCache.SelectExpression(
        Projection Mapping:
            EmptyProjectionMember -> 0
        SELECT EXISTS (
            SELECT 1
            FROM Trades AS t)), 
    Func<QueryContext, DbDataReader, ResultContext, SingleQueryResultCoordinator, bool>, 
    Dot.Net.WebApi.Data.LocalDbContext, 
    False, 
    False, 
    True
)
    .Single()'
2025-02-07 13:12:21.781 +01:00 [DBG] Creating DbCommand for 'ExecuteReader'.
2025-02-07 13:12:21.781 +01:00 [DBG] Created DbCommand for 'ExecuteReader' (0ms).
2025-02-07 13:12:21.782 +01:00 [DBG] Opening connection to database 'Findexium' on server '.\SQLEXPRESS'.
2025-02-07 13:12:21.783 +01:00 [DBG] Opened connection to database 'Findexium' on server '.\SQLEXPRESS'.
2025-02-07 13:12:21.784 +01:00 [DBG] Executing DbCommand [Parameters=[], CommandType='"Text"', CommandTimeout='30']
SELECT CASE
    WHEN EXISTS (
        SELECT 1
        FROM [Trades] AS [t]) THEN CAST(1 AS bit)
    ELSE CAST(0 AS bit)
END
2025-02-07 13:12:21.786 +01:00 [INF] Executed DbCommand (3ms) [Parameters=[], CommandType='"Text"', CommandTimeout='30']
SELECT CASE
    WHEN EXISTS (
        SELECT 1
        FROM [Trades] AS [t]) THEN CAST(1 AS bit)
    ELSE CAST(0 AS bit)
END
2025-02-07 13:12:21.787 +01:00 [DBG] A data reader was disposed.
2025-02-07 13:12:21.788 +01:00 [DBG] Closing connection to database 'Findexium' on server '.\SQLEXPRESS'.
2025-02-07 13:12:21.788 +01:00 [DBG] Closed connection to database 'Findexium' on server '.\SQLEXPRESS'.
2025-02-07 13:12:21.789 +01:00 [DBG] Compiling query expression: 
'DbSet<Rating>()
    .Any()'
2025-02-07 13:12:21.790 +01:00 [DBG] Generated query execution expression: 
'queryContext => new SingleQueryingEnumerable<bool>(
    (RelationalQueryContext)queryContext, 
    RelationalCommandCache.SelectExpression(
        Projection Mapping:
            EmptyProjectionMember -> 0
        SELECT EXISTS (
            SELECT 1
            FROM Ratings AS r)), 
    Func<QueryContext, DbDataReader, ResultContext, SingleQueryResultCoordinator, bool>, 
    Dot.Net.WebApi.Data.LocalDbContext, 
    False, 
    False, 
    True
)
    .Single()'
2025-02-07 13:12:21.791 +01:00 [DBG] Creating DbCommand for 'ExecuteReader'.
2025-02-07 13:12:21.792 +01:00 [DBG] Created DbCommand for 'ExecuteReader' (0ms).
2025-02-07 13:12:21.792 +01:00 [DBG] Opening connection to database 'Findexium' on server '.\SQLEXPRESS'.
2025-02-07 13:12:21.793 +01:00 [DBG] Opened connection to database 'Findexium' on server '.\SQLEXPRESS'.
2025-02-07 13:12:21.794 +01:00 [DBG] Executing DbCommand [Parameters=[], CommandType='"Text"', CommandTimeout='30']
SELECT CASE
    WHEN EXISTS (
        SELECT 1
        FROM [Ratings] AS [r]) THEN CAST(1 AS bit)
    ELSE CAST(0 AS bit)
END
2025-02-07 13:12:21.796 +01:00 [INF] Executed DbCommand (2ms) [Parameters=[], CommandType='"Text"', CommandTimeout='30']
SELECT CASE
    WHEN EXISTS (
        SELECT 1
        FROM [Ratings] AS [r]) THEN CAST(1 AS bit)
    ELSE CAST(0 AS bit)
END
2025-02-07 13:12:21.797 +01:00 [DBG] A data reader was disposed.
2025-02-07 13:12:21.797 +01:00 [DBG] Closing connection to database 'Findexium' on server '.\SQLEXPRESS'.
2025-02-07 13:12:21.798 +01:00 [DBG] Closed connection to database 'Findexium' on server '.\SQLEXPRESS'.
2025-02-07 13:12:21.800 +01:00 [DBG] 'LocalDbContext' disposed.
2025-02-07 13:12:21.801 +01:00 [INF] Database seeding completed successfully.
2025-02-07 13:12:21.802 +01:00 [DBG] 'LocalDbContext' disposed.
2025-02-07 13:12:21.856 +01:00 [DBG] Registered model binder providers, in the following order: ["Microsoft.AspNetCore.Mvc.ModelBinding.Binders.BinderTypeModelBinderProvider","Microsoft.AspNetCore.Mvc.ModelBinding.Binders.ServicesModelBinderProvider","Microsoft.AspNetCore.Mvc.ModelBinding.Binders.BodyModelBinderProvider","Microsoft.AspNetCore.Mvc.ModelBinding.Binders.HeaderModelBinderProvider","Microsoft.AspNetCore.Mvc.ModelBinding.Binders.FloatingPointTypeModelBinderProvider","Microsoft.AspNetCore.Mvc.ModelBinding.Binders.EnumTypeModelBinderProvider","Microsoft.AspNetCore.Mvc.ModelBinding.Binders.DateTimeModelBinderProvider","Microsoft.AspNetCore.Mvc.ModelBinding.Binders.SimpleTypeModelBinderProvider","Microsoft.AspNetCore.Mvc.ModelBinding.Binders.CancellationTokenModelBinderProvider","Microsoft.AspNetCore.Mvc.ModelBinding.Binders.ByteArrayModelBinderProvider","Microsoft.AspNetCore.Mvc.ModelBinding.Binders.FormFileModelBinderProvider","Microsoft.AspNetCore.Mvc.ModelBinding.Binders.FormCollectionModelBinderProvider","Microsoft.AspNetCore.Mvc.ModelBinding.Binders.KeyValuePairModelBinderProvider","Microsoft.AspNetCore.Mvc.ModelBinding.Binders.DictionaryModelBinderProvider","Microsoft.AspNetCore.Mvc.ModelBinding.Binders.ArrayModelBinderProvider","Microsoft.AspNetCore.Mvc.ModelBinding.Binders.CollectionModelBinderProvider","Microsoft.AspNetCore.Mvc.ModelBinding.Binders.ComplexObjectModelBinderProvider"]
2025-02-07 13:12:21.940 +01:00 [DBG] Hosting starting
2025-02-07 13:12:21.943 +01:00 [DBG] Reading data from file 'C:\Users\jurad\AppData\Local\ASP.NET\DataProtection-Keys\key-247b0a39-f609-48fc-b6b7-7a33f372eb2e.xml'.
2025-02-07 13:12:21.945 +01:00 [DBG] Reading data from file 'C:\Users\jurad\AppData\Local\ASP.NET\DataProtection-Keys\key-725444c4-37ef-4daf-931e-d4f9619f3a6a.xml'.
2025-02-07 13:12:21.946 +01:00 [DBG] Reading data from file 'C:\Users\jurad\AppData\Local\ASP.NET\DataProtection-Keys\key-db019ecf-993b-438c-a7c8-067794bbe92c.xml'.
2025-02-07 13:12:21.950 +01:00 [DBG] Found key {247b0a39-f609-48fc-b6b7-7a33f372eb2e}.
2025-02-07 13:12:21.953 +01:00 [DBG] Found key {725444c4-37ef-4daf-931e-d4f9619f3a6a}.
2025-02-07 13:12:21.954 +01:00 [DBG] Found key {db019ecf-993b-438c-a7c8-067794bbe92c}.
2025-02-07 13:12:21.960 +01:00 [DBG] Considering key {247b0a39-f609-48fc-b6b7-7a33f372eb2e} with expiration date 2025-04-22 15:40:52Z as default key.
2025-02-07 13:12:21.962 +01:00 [DBG] Forwarded activator type request from Microsoft.AspNetCore.DataProtection.XmlEncryption.DpapiXmlDecryptor, Microsoft.AspNetCore.DataProtection, Version=6.0.0.0, Culture=neutral, PublicKeyToken=adb9793829ddae60 to Microsoft.AspNetCore.DataProtection.XmlEncryption.DpapiXmlDecryptor, Microsoft.AspNetCore.DataProtection, Culture=neutral, PublicKeyToken=adb9793829ddae60
2025-02-07 13:12:21.963 +01:00 [DBG] Decrypting secret element using Windows DPAPI.
2025-02-07 13:12:21.964 +01:00 [DBG] Forwarded activator type request from Microsoft.AspNetCore.DataProtection.AuthenticatedEncryption.ConfigurationModel.AuthenticatedEncryptorDescriptorDeserializer, Microsoft.AspNetCore.DataProtection, Version=6.0.0.0, Culture=neutral, PublicKeyToken=adb9793829ddae60 to Microsoft.AspNetCore.DataProtection.AuthenticatedEncryption.ConfigurationModel.AuthenticatedEncryptorDescriptorDeserializer, Microsoft.AspNetCore.DataProtection, Culture=neutral, PublicKeyToken=adb9793829ddae60
2025-02-07 13:12:21.966 +01:00 [DBG] Opening CNG algorithm 'AES' from provider 'null' with chaining mode CBC.
2025-02-07 13:12:21.968 +01:00 [DBG] Opening CNG algorithm 'SHA256' from provider 'null' with HMAC.
2025-02-07 13:12:21.970 +01:00 [DBG] Using key {247b0a39-f609-48fc-b6b7-7a33f372eb2e} as the default key.
2025-02-07 13:12:21.971 +01:00 [DBG] Key ring with default key {247b0a39-f609-48fc-b6b7-7a33f372eb2e} was loaded during application startup.
2025-02-07 13:12:22.079 +01:00 [DBG] Using development certificate: CN=localhost (Thumbprint: A3216B6127E90058C2C66916F8E72F95CC8E8F22)
2025-02-07 13:12:22.136 +01:00 [INF] Now listening on: https://localhost:7210
2025-02-07 13:12:22.136 +01:00 [INF] Now listening on: http://localhost:5267
2025-02-07 13:12:22.137 +01:00 [DBG] Loaded hosting startup assembly P7CreateRestApi
2025-02-07 13:12:22.137 +01:00 [DBG] Loaded hosting startup assembly Microsoft.AspNetCore.Watch.BrowserRefresh
2025-02-07 13:12:22.138 +01:00 [DBG] Loaded hosting startup assembly Microsoft.WebTools.BrowserLink.Net
2025-02-07 13:12:22.138 +01:00 [INF] Application started. Press Ctrl+C to shut down.
2025-02-07 13:12:22.139 +01:00 [INF] Hosting environment: Development
2025-02-07 13:12:22.139 +01:00 [INF] Content root path: S:\OC Projects\P7\Back-end.NET_API_REST-main\Back-end.NET_API_REST-main\P7CreateRestApi\
2025-02-07 13:12:22.140 +01:00 [DBG] Hosting started
2025-02-07 13:12:22.423 +01:00 [DBG] Connection id "0HNA7E2MJ6RM7" accepted.
2025-02-07 13:12:22.425 +01:00 [DBG] Connection id "0HNA7E2MJ6RM7" started.
2025-02-07 13:12:22.440 +01:00 [DBG] Connection id "0HNA7E2MJ6RM7" received FIN.
2025-02-07 13:12:22.449 +01:00 [DBG] Failed to authenticate HTTPS connection.
System.IO.IOException:  Received an unexpected EOF or 0 bytes from the transport stream.
   at System.Net.Security.SslStream.<FillHandshakeBufferAsync>g__InternalFillHandshakeBufferAsync|189_0[TIOAdapter](TIOAdapter adap, ValueTask`1 task, Int32 minSize)
   at System.Net.Security.SslStream.ReceiveBlobAsync[TIOAdapter](TIOAdapter adapter)
   at System.Net.Security.SslStream.ForceAuthenticationAsync[TIOAdapter](TIOAdapter adapter, Boolean receiveFirst, Byte[] reAuthenticationData, Boolean isApm)
   at System.Net.Security.SslStream.ProcessAuthenticationWithTelemetryAsync(Boolean isAsync, Boolean isApm, CancellationToken cancellationToken)
   at Microsoft.AspNetCore.Server.Kestrel.Https.Internal.HttpsConnectionMiddleware.OnConnectionAsync(ConnectionContext context)
2025-02-07 13:12:22.487 +01:00 [DBG] Connection id "0HNA7E2MJ6RM7" stopped.
2025-02-07 13:12:22.490 +01:00 [DBG] Connection id "0HNA7E2MJ6RM7" sending FIN because: "The Socket transport's send loop completed gracefully."
2025-02-07 13:12:23.124 +01:00 [DBG] Connection id "0HNA7E2MJ6RM8" accepted.
2025-02-07 13:12:23.125 +01:00 [DBG] Connection id "0HNA7E2MJ6RM8" started.
2025-02-07 13:12:23.160 +01:00 [DBG] Connection 0HNA7E2MJ6RM8 established using the following protocol: "Tls13"
2025-02-07 13:12:23.221 +01:00 [INF] Request starting HTTP/2 GET https://localhost:7210/swagger/index.html - -
2025-02-07 13:12:23.325 +01:00 [DBG] Wildcard detected, all requests with hosts will be allowed.
2025-02-07 13:12:23.346 +01:00 [DBG] No candidates found for the request path '/swagger/index.html'
2025-02-07 13:12:23.347 +01:00 [DBG] Request did not match any endpoints
2025-02-07 13:12:23.491 +01:00 [DBG] Response markup is scheduled to include Browser Link script injection.
2025-02-07 13:12:23.493 +01:00 [DBG] Response markup is scheduled to include browser refresh script injection.
2025-02-07 13:12:23.508 +01:00 [DBG] Response markup was updated to include Browser Link script injection.
2025-02-07 13:12:23.510 +01:00 [DBG] Response markup was updated to include browser refresh script injection.
2025-02-07 13:12:23.515 +01:00 [INF] Request finished HTTP/2 GET https://localhost:7210/swagger/index.html - - - 200 - text/html;charset=utf-8 297.0403ms
2025-02-07 13:12:23.565 +01:00 [INF] Request starting HTTP/2 GET https://localhost:7210/_framework/aspnetcore-browser-refresh.js - -
2025-02-07 13:12:23.569 +01:00 [INF] Request finished HTTP/2 GET https://localhost:7210/_framework/aspnetcore-browser-refresh.js - - - 200 13766 application/javascript;+charset=utf-8 3.9484ms
2025-02-07 13:12:23.605 +01:00 [INF] Request starting HTTP/2 GET https://localhost:7210/_vs/browserLink - -
2025-02-07 13:12:23.698 +01:00 [INF] Request finished HTTP/2 GET https://localhost:7210/_vs/browserLink - - - 200 - text/javascript;+charset=UTF-8 93.3235ms
2025-02-07 13:12:23.773 +01:00 [INF] Request starting HTTP/2 GET https://localhost:7210/swagger/v1/swagger.json - -
2025-02-07 13:12:23.775 +01:00 [DBG] No candidates found for the request path '/swagger/v1/swagger.json'
2025-02-07 13:12:23.775 +01:00 [DBG] Request did not match any endpoints
2025-02-07 13:12:23.865 +01:00 [INF] Request finished HTTP/2 GET https://localhost:7210/swagger/v1/swagger.json - - - 200 - application/json;charset=utf-8 91.6421ms
2025-02-07 13:49:05.506 +01:00 [INF] Attempting to migrate database...
2025-02-07 13:49:05.637 +01:00 [DBG] An 'IServiceProvider' was created for internal use by Entity Framework.
2025-02-07 13:49:06.089 +01:00 [DBG] The index {'UserId'} was not created on entity type 'IdentityUserRole<int>' as the properties are already covered by the index {'UserId', 'RoleId'}.
2025-02-07 13:49:06.094 +01:00 [DBG] The index {'UserId'} was not created on entity type 'IdentityUserToken<int>' as the properties are already covered by the index {'UserId', 'LoginProvider', 'Name'}.
2025-02-07 13:49:06.324 +01:00 [INF] Entity Framework Core 6.0.16 initialized 'LocalDbContext' using provider 'Microsoft.EntityFrameworkCore.SqlServer:6.0.16' with options: None
2025-02-07 13:49:06.370 +01:00 [DBG] Migrating using database 'Findexium' on server '.\SQLEXPRESS'.
2025-02-07 13:49:06.376 +01:00 [DBG] Opening connection to database 'Findexium' on server '.\SQLEXPRESS'.
2025-02-07 13:49:06.616 +01:00 [DBG] Opened connection to database 'Findexium' on server '.\SQLEXPRESS'.
2025-02-07 13:49:06.626 +01:00 [DBG] Creating DbCommand for 'ExecuteNonQuery'.
2025-02-07 13:49:06.633 +01:00 [DBG] Created DbCommand for 'ExecuteNonQuery' (7ms).
2025-02-07 13:49:06.646 +01:00 [DBG] Executing DbCommand [Parameters=[], CommandType='"Text"', CommandTimeout='30']
SELECT 1
2025-02-07 13:49:06.672 +01:00 [INF] Executed DbCommand (28ms) [Parameters=[], CommandType='"Text"', CommandTimeout='30']
SELECT 1
2025-02-07 13:49:06.675 +01:00 [DBG] Closing connection to database 'Findexium' on server '.\SQLEXPRESS'.
2025-02-07 13:49:06.682 +01:00 [DBG] Closed connection to database 'Findexium' on server '.\SQLEXPRESS'.
2025-02-07 13:49:06.689 +01:00 [DBG] Creating DbCommand for 'ExecuteScalar'.
2025-02-07 13:49:06.690 +01:00 [DBG] Created DbCommand for 'ExecuteScalar' (0ms).
2025-02-07 13:49:06.690 +01:00 [DBG] Opening connection to database 'Findexium' on server '.\SQLEXPRESS'.
2025-02-07 13:49:06.692 +01:00 [DBG] Opened connection to database 'Findexium' on server '.\SQLEXPRESS'.
2025-02-07 13:49:06.693 +01:00 [DBG] Executing DbCommand [Parameters=[], CommandType='"Text"', CommandTimeout='30']
SELECT OBJECT_ID(N'[__EFMigrationsHistory]');
2025-02-07 13:49:06.710 +01:00 [INF] Executed DbCommand (17ms) [Parameters=[], CommandType='"Text"', CommandTimeout='30']
SELECT OBJECT_ID(N'[__EFMigrationsHistory]');
2025-02-07 13:49:06.711 +01:00 [DBG] Closing connection to database 'Findexium' on server '.\SQLEXPRESS'.
2025-02-07 13:49:06.712 +01:00 [DBG] Closed connection to database 'Findexium' on server '.\SQLEXPRESS'.
2025-02-07 13:49:06.714 +01:00 [DBG] Opening connection to database 'Findexium' on server '.\SQLEXPRESS'.
2025-02-07 13:49:06.714 +01:00 [DBG] Opened connection to database 'Findexium' on server '.\SQLEXPRESS'.
2025-02-07 13:49:06.715 +01:00 [DBG] Creating DbCommand for 'ExecuteNonQuery'.
2025-02-07 13:49:06.715 +01:00 [DBG] Created DbCommand for 'ExecuteNonQuery' (0ms).
2025-02-07 13:49:06.716 +01:00 [DBG] Executing DbCommand [Parameters=[], CommandType='"Text"', CommandTimeout='30']
SELECT 1
2025-02-07 13:49:06.719 +01:00 [INF] Executed DbCommand (2ms) [Parameters=[], CommandType='"Text"', CommandTimeout='30']
SELECT 1
2025-02-07 13:49:06.719 +01:00 [DBG] Closing connection to database 'Findexium' on server '.\SQLEXPRESS'.
2025-02-07 13:49:06.720 +01:00 [DBG] Closed connection to database 'Findexium' on server '.\SQLEXPRESS'.
2025-02-07 13:49:06.721 +01:00 [DBG] Creating DbCommand for 'ExecuteScalar'.
2025-02-07 13:49:06.721 +01:00 [DBG] Created DbCommand for 'ExecuteScalar' (0ms).
2025-02-07 13:49:06.722 +01:00 [DBG] Opening connection to database 'Findexium' on server '.\SQLEXPRESS'.
2025-02-07 13:49:06.722 +01:00 [DBG] Opened connection to database 'Findexium' on server '.\SQLEXPRESS'.
2025-02-07 13:49:06.723 +01:00 [DBG] Executing DbCommand [Parameters=[], CommandType='"Text"', CommandTimeout='30']
SELECT OBJECT_ID(N'[__EFMigrationsHistory]');
2025-02-07 13:49:06.724 +01:00 [INF] Executed DbCommand (1ms) [Parameters=[], CommandType='"Text"', CommandTimeout='30']
SELECT OBJECT_ID(N'[__EFMigrationsHistory]');
2025-02-07 13:49:06.725 +01:00 [DBG] Closing connection to database 'Findexium' on server '.\SQLEXPRESS'.
2025-02-07 13:49:06.726 +01:00 [DBG] Closed connection to database 'Findexium' on server '.\SQLEXPRESS'.
2025-02-07 13:49:06.738 +01:00 [DBG] Creating DbCommand for 'ExecuteReader'.
2025-02-07 13:49:06.738 +01:00 [DBG] Created DbCommand for 'ExecuteReader' (0ms).
2025-02-07 13:49:06.739 +01:00 [DBG] Opening connection to database 'Findexium' on server '.\SQLEXPRESS'.
2025-02-07 13:49:06.739 +01:00 [DBG] Opened connection to database 'Findexium' on server '.\SQLEXPRESS'.
2025-02-07 13:49:06.741 +01:00 [DBG] Executing DbCommand [Parameters=[], CommandType='"Text"', CommandTimeout='30']
SELECT [MigrationId], [ProductVersion]
FROM [__EFMigrationsHistory]
ORDER BY [MigrationId];
2025-02-07 13:49:06.747 +01:00 [INF] Executed DbCommand (6ms) [Parameters=[], CommandType='"Text"', CommandTimeout='30']
SELECT [MigrationId], [ProductVersion]
FROM [__EFMigrationsHistory]
ORDER BY [MigrationId];
2025-02-07 13:49:06.752 +01:00 [DBG] A data reader was disposed.
2025-02-07 13:49:06.752 +01:00 [DBG] Closing connection to database 'Findexium' on server '.\SQLEXPRESS'.
2025-02-07 13:49:06.753 +01:00 [DBG] Closed connection to database 'Findexium' on server '.\SQLEXPRESS'.
2025-02-07 13:49:06.763 +01:00 [INF] No migrations were applied. The database is already up to date.
2025-02-07 13:49:06.764 +01:00 [INF] Database migration completed. Starting database seeding...
2025-02-07 13:49:06.789 +01:00 [INF] User profile is available. Using 'C:\Users\jurad\AppData\Local\ASP.NET\DataProtection-Keys' as key repository and Windows DPAPI to encrypt keys at rest.
2025-02-07 13:49:06.799 +01:00 [INF] Entity Framework Core 6.0.16 initialized 'LocalDbContext' using provider 'Microsoft.EntityFrameworkCore.SqlServer:6.0.16' with options: None
2025-02-07 13:49:06.839 +01:00 [DBG] Compiling query expression: 
'DbSet<User>()
    .Any()'
2025-02-07 13:49:07.017 +01:00 [DBG] Generated query execution expression: 
'queryContext => new SingleQueryingEnumerable<bool>(
    (RelationalQueryContext)queryContext, 
    RelationalCommandCache.SelectExpression(
        Projection Mapping:
            EmptyProjectionMember -> 0
        SELECT EXISTS (
            SELECT 1
            FROM AspNetUsers AS a)), 
    Func<QueryContext, DbDataReader, ResultContext, SingleQueryResultCoordinator, bool>, 
    Dot.Net.WebApi.Data.LocalDbContext, 
    False, 
    False, 
    True
)
    .Single()'
2025-02-07 13:49:07.048 +01:00 [DBG] Creating DbCommand for 'ExecuteReader'.
2025-02-07 13:49:07.048 +01:00 [DBG] Created DbCommand for 'ExecuteReader' (0ms).
2025-02-07 13:49:07.049 +01:00 [DBG] Opening connection to database 'Findexium' on server '.\SQLEXPRESS'.
2025-02-07 13:49:07.050 +01:00 [DBG] Opened connection to database 'Findexium' on server '.\SQLEXPRESS'.
2025-02-07 13:49:07.051 +01:00 [DBG] Executing DbCommand [Parameters=[], CommandType='"Text"', CommandTimeout='30']
SELECT CASE
    WHEN EXISTS (
        SELECT 1
        FROM [AspNetUsers] AS [a]) THEN CAST(1 AS bit)
    ELSE CAST(0 AS bit)
END
2025-02-07 13:49:07.054 +01:00 [INF] Executed DbCommand (3ms) [Parameters=[], CommandType='"Text"', CommandTimeout='30']
SELECT CASE
    WHEN EXISTS (
        SELECT 1
        FROM [AspNetUsers] AS [a]) THEN CAST(1 AS bit)
    ELSE CAST(0 AS bit)
END
2025-02-07 13:49:07.057 +01:00 [DBG] A data reader was disposed.
2025-02-07 13:49:07.058 +01:00 [DBG] Closing connection to database 'Findexium' on server '.\SQLEXPRESS'.
2025-02-07 13:49:07.059 +01:00 [DBG] Closed connection to database 'Findexium' on server '.\SQLEXPRESS'.
2025-02-07 13:49:07.060 +01:00 [DBG] Compiling query expression: 
'DbSet<Trade>()
    .Any()'
2025-02-07 13:49:07.061 +01:00 [DBG] Generated query execution expression: 
'queryContext => new SingleQueryingEnumerable<bool>(
    (RelationalQueryContext)queryContext, 
    RelationalCommandCache.SelectExpression(
        Projection Mapping:
            EmptyProjectionMember -> 0
        SELECT EXISTS (
            SELECT 1
            FROM Trades AS t)), 
    Func<QueryContext, DbDataReader, ResultContext, SingleQueryResultCoordinator, bool>, 
    Dot.Net.WebApi.Data.LocalDbContext, 
    False, 
    False, 
    True
)
    .Single()'
2025-02-07 13:49:07.062 +01:00 [DBG] Creating DbCommand for 'ExecuteReader'.
2025-02-07 13:49:07.063 +01:00 [DBG] Created DbCommand for 'ExecuteReader' (0ms).
2025-02-07 13:49:07.064 +01:00 [DBG] Opening connection to database 'Findexium' on server '.\SQLEXPRESS'.
2025-02-07 13:49:07.064 +01:00 [DBG] Opened connection to database 'Findexium' on server '.\SQLEXPRESS'.
2025-02-07 13:49:07.065 +01:00 [DBG] Executing DbCommand [Parameters=[], CommandType='"Text"', CommandTimeout='30']
SELECT CASE
    WHEN EXISTS (
        SELECT 1
        FROM [Trades] AS [t]) THEN CAST(1 AS bit)
    ELSE CAST(0 AS bit)
END
2025-02-07 13:49:07.068 +01:00 [INF] Executed DbCommand (3ms) [Parameters=[], CommandType='"Text"', CommandTimeout='30']
SELECT CASE
    WHEN EXISTS (
        SELECT 1
        FROM [Trades] AS [t]) THEN CAST(1 AS bit)
    ELSE CAST(0 AS bit)
END
2025-02-07 13:49:07.069 +01:00 [DBG] A data reader was disposed.
2025-02-07 13:49:07.069 +01:00 [DBG] Closing connection to database 'Findexium' on server '.\SQLEXPRESS'.
2025-02-07 13:49:07.070 +01:00 [DBG] Closed connection to database 'Findexium' on server '.\SQLEXPRESS'.
2025-02-07 13:49:07.071 +01:00 [DBG] Compiling query expression: 
'DbSet<Rating>()
    .Any()'
2025-02-07 13:49:07.073 +01:00 [DBG] Generated query execution expression: 
'queryContext => new SingleQueryingEnumerable<bool>(
    (RelationalQueryContext)queryContext, 
    RelationalCommandCache.SelectExpression(
        Projection Mapping:
            EmptyProjectionMember -> 0
        SELECT EXISTS (
            SELECT 1
            FROM Ratings AS r)), 
    Func<QueryContext, DbDataReader, ResultContext, SingleQueryResultCoordinator, bool>, 
    Dot.Net.WebApi.Data.LocalDbContext, 
    False, 
    False, 
    True
)
    .Single()'
2025-02-07 13:49:07.073 +01:00 [DBG] Creating DbCommand for 'ExecuteReader'.
2025-02-07 13:49:07.074 +01:00 [DBG] Created DbCommand for 'ExecuteReader' (0ms).
2025-02-07 13:49:07.075 +01:00 [DBG] Opening connection to database 'Findexium' on server '.\SQLEXPRESS'.
2025-02-07 13:49:07.076 +01:00 [DBG] Opened connection to database 'Findexium' on server '.\SQLEXPRESS'.
2025-02-07 13:49:07.077 +01:00 [DBG] Executing DbCommand [Parameters=[], CommandType='"Text"', CommandTimeout='30']
SELECT CASE
    WHEN EXISTS (
        SELECT 1
        FROM [Ratings] AS [r]) THEN CAST(1 AS bit)
    ELSE CAST(0 AS bit)
END
2025-02-07 13:49:07.079 +01:00 [INF] Executed DbCommand (2ms) [Parameters=[], CommandType='"Text"', CommandTimeout='30']
SELECT CASE
    WHEN EXISTS (
        SELECT 1
        FROM [Ratings] AS [r]) THEN CAST(1 AS bit)
    ELSE CAST(0 AS bit)
END
2025-02-07 13:49:07.080 +01:00 [DBG] A data reader was disposed.
2025-02-07 13:49:07.080 +01:00 [DBG] Closing connection to database 'Findexium' on server '.\SQLEXPRESS'.
2025-02-07 13:49:07.081 +01:00 [DBG] Closed connection to database 'Findexium' on server '.\SQLEXPRESS'.
2025-02-07 13:49:07.084 +01:00 [DBG] 'LocalDbContext' disposed.
2025-02-07 13:49:07.085 +01:00 [INF] Database seeding completed successfully.
2025-02-07 13:49:07.086 +01:00 [DBG] 'LocalDbContext' disposed.
2025-02-07 13:49:07.126 +01:00 [DBG] Registered model binder providers, in the following order: ["Microsoft.AspNetCore.Mvc.ModelBinding.Binders.BinderTypeModelBinderProvider","Microsoft.AspNetCore.Mvc.ModelBinding.Binders.ServicesModelBinderProvider","Microsoft.AspNetCore.Mvc.ModelBinding.Binders.BodyModelBinderProvider","Microsoft.AspNetCore.Mvc.ModelBinding.Binders.HeaderModelBinderProvider","Microsoft.AspNetCore.Mvc.ModelBinding.Binders.FloatingPointTypeModelBinderProvider","Microsoft.AspNetCore.Mvc.ModelBinding.Binders.EnumTypeModelBinderProvider","Microsoft.AspNetCore.Mvc.ModelBinding.Binders.DateTimeModelBinderProvider","Microsoft.AspNetCore.Mvc.ModelBinding.Binders.SimpleTypeModelBinderProvider","Microsoft.AspNetCore.Mvc.ModelBinding.Binders.CancellationTokenModelBinderProvider","Microsoft.AspNetCore.Mvc.ModelBinding.Binders.ByteArrayModelBinderProvider","Microsoft.AspNetCore.Mvc.ModelBinding.Binders.FormFileModelBinderProvider","Microsoft.AspNetCore.Mvc.ModelBinding.Binders.FormCollectionModelBinderProvider","Microsoft.AspNetCore.Mvc.ModelBinding.Binders.KeyValuePairModelBinderProvider","Microsoft.AspNetCore.Mvc.ModelBinding.Binders.DictionaryModelBinderProvider","Microsoft.AspNetCore.Mvc.ModelBinding.Binders.ArrayModelBinderProvider","Microsoft.AspNetCore.Mvc.ModelBinding.Binders.CollectionModelBinderProvider","Microsoft.AspNetCore.Mvc.ModelBinding.Binders.ComplexObjectModelBinderProvider"]
2025-02-07 13:49:07.167 +01:00 [DBG] Hosting starting
2025-02-07 13:49:07.170 +01:00 [DBG] Reading data from file 'C:\Users\jurad\AppData\Local\ASP.NET\DataProtection-Keys\key-247b0a39-f609-48fc-b6b7-7a33f372eb2e.xml'.
2025-02-07 13:49:07.172 +01:00 [DBG] Reading data from file 'C:\Users\jurad\AppData\Local\ASP.NET\DataProtection-Keys\key-725444c4-37ef-4daf-931e-d4f9619f3a6a.xml'.
2025-02-07 13:49:07.173 +01:00 [DBG] Reading data from file 'C:\Users\jurad\AppData\Local\ASP.NET\DataProtection-Keys\key-db019ecf-993b-438c-a7c8-067794bbe92c.xml'.
2025-02-07 13:49:07.177 +01:00 [DBG] Found key {247b0a39-f609-48fc-b6b7-7a33f372eb2e}.
2025-02-07 13:49:07.180 +01:00 [DBG] Found key {725444c4-37ef-4daf-931e-d4f9619f3a6a}.
2025-02-07 13:49:07.181 +01:00 [DBG] Found key {db019ecf-993b-438c-a7c8-067794bbe92c}.
2025-02-07 13:49:07.187 +01:00 [DBG] Considering key {247b0a39-f609-48fc-b6b7-7a33f372eb2e} with expiration date 2025-04-22 15:40:52Z as default key.
2025-02-07 13:49:07.189 +01:00 [DBG] Forwarded activator type request from Microsoft.AspNetCore.DataProtection.XmlEncryption.DpapiXmlDecryptor, Microsoft.AspNetCore.DataProtection, Version=6.0.0.0, Culture=neutral, PublicKeyToken=adb9793829ddae60 to Microsoft.AspNetCore.DataProtection.XmlEncryption.DpapiXmlDecryptor, Microsoft.AspNetCore.DataProtection, Culture=neutral, PublicKeyToken=adb9793829ddae60
2025-02-07 13:49:07.190 +01:00 [DBG] Decrypting secret element using Windows DPAPI.
2025-02-07 13:49:07.191 +01:00 [DBG] Forwarded activator type request from Microsoft.AspNetCore.DataProtection.AuthenticatedEncryption.ConfigurationModel.AuthenticatedEncryptorDescriptorDeserializer, Microsoft.AspNetCore.DataProtection, Version=6.0.0.0, Culture=neutral, PublicKeyToken=adb9793829ddae60 to Microsoft.AspNetCore.DataProtection.AuthenticatedEncryption.ConfigurationModel.AuthenticatedEncryptorDescriptorDeserializer, Microsoft.AspNetCore.DataProtection, Culture=neutral, PublicKeyToken=adb9793829ddae60
2025-02-07 13:49:07.192 +01:00 [DBG] Opening CNG algorithm 'AES' from provider 'null' with chaining mode CBC.
2025-02-07 13:49:07.194 +01:00 [DBG] Opening CNG algorithm 'SHA256' from provider 'null' with HMAC.
2025-02-07 13:49:07.196 +01:00 [DBG] Using key {247b0a39-f609-48fc-b6b7-7a33f372eb2e} as the default key.
2025-02-07 13:49:07.197 +01:00 [DBG] Key ring with default key {247b0a39-f609-48fc-b6b7-7a33f372eb2e} was loaded during application startup.
2025-02-07 13:49:07.277 +01:00 [DBG] Using development certificate: CN=localhost (Thumbprint: A3216B6127E90058C2C66916F8E72F95CC8E8F22)
2025-02-07 13:49:07.313 +01:00 [INF] Now listening on: https://localhost:7210
2025-02-07 13:49:07.313 +01:00 [INF] Now listening on: http://localhost:5267
2025-02-07 13:49:07.314 +01:00 [DBG] Loaded hosting startup assembly P7CreateRestApi
2025-02-07 13:49:07.314 +01:00 [DBG] Loaded hosting startup assembly Microsoft.AspNetCore.Watch.BrowserRefresh
2025-02-07 13:49:07.315 +01:00 [DBG] Loaded hosting startup assembly Microsoft.WebTools.BrowserLink.Net
2025-02-07 13:49:07.315 +01:00 [INF] Application started. Press Ctrl+C to shut down.
2025-02-07 13:49:07.316 +01:00 [INF] Hosting environment: Development
2025-02-07 13:49:07.316 +01:00 [INF] Content root path: S:\OC Projects\P7\Back-end.NET_API_REST-main\Back-end.NET_API_REST-main\P7CreateRestApi\
2025-02-07 13:49:07.317 +01:00 [DBG] Hosting started
2025-02-07 13:49:07.770 +01:00 [DBG] Connection id "0HNA7EN7R1CBD" accepted.
2025-02-07 13:49:07.770 +01:00 [DBG] Connection id "0HNA7EN7R1CBC" accepted.
2025-02-07 13:49:07.772 +01:00 [DBG] Connection id "0HNA7EN7R1CBD" started.
2025-02-07 13:49:07.772 +01:00 [DBG] Connection id "0HNA7EN7R1CBC" started.
2025-02-07 13:49:07.777 +01:00 [DBG] Connection id "0HNA7EN7R1CBC" received FIN.
2025-02-07 13:49:07.777 +01:00 [DBG] Connection id "0HNA7EN7R1CBD" received FIN.
2025-02-07 13:49:07.789 +01:00 [DBG] Failed to authenticate HTTPS connection.
System.IO.IOException:  Received an unexpected EOF or 0 bytes from the transport stream.
   at System.Net.Security.SslStream.ReceiveBlobAsync[TIOAdapter](TIOAdapter adapter)
   at System.Net.Security.SslStream.ForceAuthenticationAsync[TIOAdapter](TIOAdapter adapter, Boolean receiveFirst, Byte[] reAuthenticationData, Boolean isApm)
   at System.Net.Security.SslStream.ProcessAuthenticationWithTelemetryAsync(Boolean isAsync, Boolean isApm, CancellationToken cancellationToken)
   at Microsoft.AspNetCore.Server.Kestrel.Https.Internal.HttpsConnectionMiddleware.OnConnectionAsync(ConnectionContext context)
2025-02-07 13:49:07.789 +01:00 [DBG] Failed to authenticate HTTPS connection.
System.IO.IOException:  Received an unexpected EOF or 0 bytes from the transport stream.
   at System.Net.Security.SslStream.ReceiveBlobAsync[TIOAdapter](TIOAdapter adapter)
   at System.Net.Security.SslStream.ForceAuthenticationAsync[TIOAdapter](TIOAdapter adapter, Boolean receiveFirst, Byte[] reAuthenticationData, Boolean isApm)
   at System.Net.Security.SslStream.ProcessAuthenticationWithTelemetryAsync(Boolean isAsync, Boolean isApm, CancellationToken cancellationToken)
   at Microsoft.AspNetCore.Server.Kestrel.Https.Internal.HttpsConnectionMiddleware.OnConnectionAsync(ConnectionContext context)
2025-02-07 13:49:07.811 +01:00 [DBG] Connection id "0HNA7EN7R1CBC" stopped.
2025-02-07 13:49:07.811 +01:00 [DBG] Connection id "0HNA7EN7R1CBD" stopped.
2025-02-07 13:49:07.814 +01:00 [DBG] Connection id "0HNA7EN7R1CBC" sending FIN because: "The Socket transport's send loop completed gracefully."
2025-02-07 13:49:07.814 +01:00 [DBG] Connection id "0HNA7EN7R1CBD" sending FIN because: "The Socket transport's send loop completed gracefully."
2025-02-07 13:49:08.056 +01:00 [DBG] Connection id "0HNA7EN7R1CBE" accepted.
2025-02-07 13:49:08.057 +01:00 [DBG] Connection id "0HNA7EN7R1CBE" started.
2025-02-07 13:49:08.098 +01:00 [DBG] Connection 0HNA7EN7R1CBE established using the following protocol: "Tls13"
2025-02-07 13:49:08.146 +01:00 [INF] Request starting HTTP/2 GET https://localhost:7210/swagger/index.html - -
2025-02-07 13:49:08.228 +01:00 [DBG] Wildcard detected, all requests with hosts will be allowed.
2025-02-07 13:49:08.246 +01:00 [DBG] No candidates found for the request path '/swagger/index.html'
2025-02-07 13:49:08.247 +01:00 [DBG] Request did not match any endpoints
2025-02-07 13:49:08.387 +01:00 [DBG] Response markup is scheduled to include Browser Link script injection.
2025-02-07 13:49:08.390 +01:00 [DBG] Response markup is scheduled to include browser refresh script injection.
2025-02-07 13:49:08.403 +01:00 [DBG] Response markup was updated to include Browser Link script injection.
2025-02-07 13:49:08.404 +01:00 [DBG] Response markup was updated to include browser refresh script injection.
2025-02-07 13:49:08.409 +01:00 [INF] Request finished HTTP/2 GET https://localhost:7210/swagger/index.html - - - 200 - text/html;charset=utf-8 265.7472ms
2025-02-07 13:49:08.411 +01:00 [INF] Request starting HTTP/2 GET https://localhost:7210/_framework/aspnetcore-browser-refresh.js - -
2025-02-07 13:49:08.418 +01:00 [INF] Request finished HTTP/2 GET https://localhost:7210/_framework/aspnetcore-browser-refresh.js - - - 200 13766 application/javascript;+charset=utf-8 6.6107ms
2025-02-07 13:49:08.478 +01:00 [INF] Request starting HTTP/2 GET https://localhost:7210/_vs/browserLink - -
2025-02-07 13:49:08.518 +01:00 [INF] Request finished HTTP/2 GET https://localhost:7210/_vs/browserLink - - - 200 - text/javascript;+charset=UTF-8 39.9463ms
2025-02-07 13:49:08.566 +01:00 [INF] Request starting HTTP/2 GET https://localhost:7210/swagger/v1/swagger.json - -
2025-02-07 13:49:08.568 +01:00 [DBG] No candidates found for the request path '/swagger/v1/swagger.json'
2025-02-07 13:49:08.568 +01:00 [DBG] Request did not match any endpoints
2025-02-07 13:49:08.647 +01:00 [INF] Request finished HTTP/2 GET https://localhost:7210/swagger/v1/swagger.json - - - 200 - application/json;charset=utf-8 81.3338ms
